<?xml version="1.0" encoding="UTF-8"?>
<coverage generated="1418920013">
  <project timestamp="1418920013">
    <package name="DavidVerholen\Composer\DevTools\Manager">
      <file name="/home/dave/dev/php/davidverholen_composer-dev-tools/src/DavidVerholen/Composer/DevTools/Manager/BaseConfig.php">
        <class name="BaseConfig" namespace="DavidVerholen\Composer\DevTools\Manager" fullPackage="DavidVerholen" category="davidverholen_composer" package="DavidVerholen">
          <metrics methods="5" coveredmethods="5" conditionals="0" coveredconditionals="0" statements="9" coveredstatements="9" elements="14" coveredelements="14"/>
        </class>
        <line num="37" type="method" name="initInstance" crap="1" count="4"/>
        <line num="39" type="stmt" count="4"/>
        <line num="40" type="stmt" count="4"/>
        <line num="49" type="method" name="getExtraConfig" crap="1" count="4"/>
        <line num="51" type="stmt" count="4"/>
        <line num="62" type="method" name="getConfig" crap="1" count="4"/>
        <line num="64" type="stmt" count="4"/>
        <line num="65" type="stmt" count="4"/>
        <line num="66" type="stmt" count="4"/>
        <line num="68" type="stmt" count="4"/>
        <line num="80" type="method" name="getSubConfig" crap="2" count="4"/>
        <line num="82" type="stmt" count="4"/>
        <line num="97" type="method" name="getExtra" crap="1" count="4"/>
        <line num="99" type="stmt" count="4"/>
        <metrics loc="101" ncloc="39" classes="1" methods="5" coveredmethods="5" conditionals="0" coveredconditionals="0" statements="9" coveredstatements="9" elements="14" coveredelements="14"/>
      </file>
      <file name="/home/dave/dev/php/davidverholen_composer-dev-tools/src/DavidVerholen/Composer/DevTools/Manager/BaseManager.php">
        <class name="BaseManager" namespace="DavidVerholen\Composer\DevTools\Manager" fullPackage="DavidVerholen" category="davidverholen_composer" package="DavidVerholen">
          <metrics methods="5" coveredmethods="4" conditionals="0" coveredconditionals="0" statements="10" coveredstatements="9" elements="15" coveredelements="13"/>
        </class>
        <line num="49" type="method" name="__construct" crap="1" count="4"/>
        <line num="51" type="stmt" count="4"/>
        <line num="52" type="stmt" count="4"/>
        <line num="53" type="stmt" count="4"/>
        <line num="54" type="stmt" count="4"/>
        <line num="71" type="method" name="init" crap="1" count="4"/>
        <line num="73" type="stmt" count="4"/>
        <line num="74" type="stmt" count="4"/>
        <line num="75" type="stmt" count="4"/>
        <line num="83" type="method" name="getInstance" crap="1" count="4"/>
        <line num="85" type="stmt" count="4"/>
        <line num="93" type="method" name="getComposer" crap="1" count="4"/>
        <line num="95" type="stmt" count="4"/>
        <line num="103" type="method" name="getIo" crap="2" count="0"/>
        <line num="105" type="stmt" count="0"/>
        <metrics loc="107" ncloc="46" classes="1" methods="5" coveredmethods="4" conditionals="0" coveredconditionals="0" statements="10" coveredstatements="9" elements="15" coveredelements="13"/>
      </file>
      <file name="/home/dave/dev/php/davidverholen_composer-dev-tools/src/DavidVerholen/Composer/DevTools/Manager/Config.php">
        <class name="Config" namespace="DavidVerholen\Composer\DevTools\Manager" fullPackage="DavidVerholen" category="davidverholen_composer" package="DavidVerholen">
          <metrics methods="3" coveredmethods="3" conditionals="0" coveredconditionals="0" statements="6" coveredstatements="6" elements="9" coveredelements="9"/>
        </class>
        <line num="41" type="method" name="getRemoteUpdates" crap="1" count="4"/>
        <line num="43" type="stmt" count="4"/>
        <line num="53" type="method" name="getRemoteUpdate" crap="1" count="3"/>
        <line num="55" type="stmt" count="3"/>
        <line num="56" type="stmt" count="3"/>
        <line num="57" type="stmt" count="3"/>
        <line num="59" type="stmt" count="3"/>
        <line num="67" type="method" name="getBaseConfigKey" crap="1" count="4"/>
        <line num="69" type="stmt" count="4"/>
        <metrics loc="71" ncloc="34" classes="1" methods="3" coveredmethods="3" conditionals="0" coveredconditionals="0" statements="6" coveredstatements="6" elements="9" coveredelements="9"/>
      </file>
      <file name="/home/dave/dev/php/davidverholen_composer-dev-tools/src/DavidVerholen/Composer/DevTools/Manager/Git.php">
        <class name="Git" namespace="DavidVerholen\Composer\DevTools\Manager" fullPackage="DavidVerholen" category="davidverholen_composer" package="DavidVerholen">
          <metrics methods="3" coveredmethods="2" conditionals="0" coveredconditionals="0" statements="20" coveredstatements="19" elements="23" coveredelements="21"/>
        </class>
        <line num="36" type="method" name="initInstance" crap="1" count="1"/>
        <line num="39" type="stmt" count="1"/>
        <line num="48" type="method" name="updateRemotes" crap="4.00" count="1"/>
        <line num="50" type="stmt" count="1"/>
        <line num="51" type="stmt" count="1"/>
        <line num="52" type="stmt" count="0"/>
        <line num="55" type="stmt" count="1"/>
        <line num="56" type="stmt" count="1"/>
        <line num="57" type="stmt" count="1"/>
        <line num="59" type="stmt" count="1"/>
        <line num="60" type="stmt" count="1"/>
        <line num="61" type="stmt" count="1"/>
        <line num="62" type="stmt" count="1"/>
        <line num="63" type="stmt" count="1"/>
        <line num="64" type="stmt" count="1"/>
        <line num="65" type="stmt" count="1"/>
        <line num="66" type="stmt" count="1"/>
        <line num="67" type="stmt" count="1"/>
        <line num="68" type="stmt" count="1"/>
        <line num="69" type="stmt" count="1"/>
        <line num="70" type="stmt" count="1"/>
        <line num="80" type="method" name="getIfIsset" crap="2" count="1"/>
        <line num="82" type="stmt" count="1"/>
        <metrics loc="84" ncloc="42" classes="1" methods="3" coveredmethods="2" conditionals="0" coveredconditionals="0" statements="20" coveredstatements="19" elements="23" coveredelements="21"/>
      </file>
    </package>
    <package name="DavidVerholen\Composer\DevTools">
      <file name="/home/dave/dev/php/davidverholen_composer-dev-tools/src/DavidVerholen/Composer/DevTools/Plugin.php">
        <class name="Plugin" namespace="DavidVerholen\Composer\DevTools" fullPackage="DavidVerholen" category="davidverholen_composer" package="DavidVerholen">
          <metrics methods="4" coveredmethods="0" conditionals="0" coveredconditionals="0" statements="20" coveredstatements="0" elements="24" coveredelements="0"/>
        </class>
        <line num="57" type="method" name="getSubscribedEvents" crap="2" count="0"/>
        <line num="58" type="stmt" count="0"/>
        <line num="59" type="stmt" count="0"/>
        <line num="60" type="stmt" count="0"/>
        <line num="61" type="stmt" count="0"/>
        <line num="62" type="stmt" count="0"/>
        <line num="63" type="stmt" count="0"/>
        <line num="71" type="method" name="activate" crap="2" count="0"/>
        <line num="72" type="stmt" count="0"/>
        <line num="73" type="stmt" count="0"/>
        <line num="74" type="stmt" count="0"/>
        <line num="75" type="stmt" count="0"/>
        <line num="84" type="method" name="onPostPackageInstall" crap="2" count="0"/>
        <line num="85" type="stmt" count="0"/>
        <line num="87" type="stmt" count="0"/>
        <line num="88" type="stmt" count="0"/>
        <line num="90" type="stmt" count="0"/>
        <line num="91" type="stmt" count="0"/>
        <line num="100" type="method" name="onPostPackageUpdate" crap="2" count="0"/>
        <line num="101" type="stmt" count="0"/>
        <line num="103" type="stmt" count="0"/>
        <line num="104" type="stmt" count="0"/>
        <line num="106" type="stmt" count="0"/>
        <line num="107" type="stmt" count="0"/>
        <metrics loc="108" ncloc="48" classes="1" methods="4" coveredmethods="0" conditionals="0" coveredconditionals="0" statements="20" coveredstatements="0" elements="24" coveredelements="0"/>
      </file>
    </package>
    <metrics files="5" loc="471" ncloc="209" classes="5" methods="20" coveredmethods="14" conditionals="0" coveredconditionals="0" statements="65" coveredstatements="43" elements="85" coveredelements="57"/>
  </project>
</coverage>
